#
# A fatal error has been detected by the Java Runtime Environment:
#
#  EXCEPTION_ACCESS_VIOLATION (0xc0000005) at pc=0x000000005add8d85, pid=26548, tid=13796
#
# JRE version: Java(TM) SE Runtime Environment (8.0_74-b02) (build 1.8.0_74-b02)
# Java VM: Java HotSpot(TM) 64-Bit Server VM (25.74-b02 mixed mode windows-amd64 compressed oops)
# Problematic frame:
# V  [jvm.dll+0x128d85]
#
# Failed to write core dump. Minidumps are not enabled by default on client versions of Windows
#
# If you would like to submit a bug report, please visit:
#   http://bugreport.java.com/bugreport/crash.jsp
#

---------------  T H R E A D  ---------------

Current thread (0x0000000056605000):  JavaThread "JDWP Transport Listener: dt_socket" daemon [_thread_in_vm, id=13796, stack(0x0000000057210000,0x0000000057310000)]

siginfo: ExceptionCode=0xc0000005, reading address 0xffffffffffffffff

Registers:
RAX=0x000000005730f501, RBX=0x0000000056605000, RCX=0x003b656c003b003b, RDX=0x0000000000000000
RSP=0x000000005730f510, RBP=0x003b656c003b003b, RSI=0x000000005730f628, RDI=0x0000000002698ca0
R8 =0x0000000056605000, R9 =0x000000000000ff00, R10=0x0000000000000000, R11=0x000009d800320032
R12=0x0000000000000000, R13=0x000000005660bf98, R14=0x0000000000000000, R15=0x0000000000000000
RIP=0x000000005add8d85, EFLAGS=0x0000000000010202

Top of Stack: (sp=0x000000005730f510)
0x000000005730f510:   0000000056605000 0000000056605000
0x000000005730f520:   000000005730f5d8 000000005afde33b
0x000000005730f530:   0000000056605000 000000005affab9d
0x000000005730f540:   0000000000000000 000000006ddd9155
0x000000005730f550:   00000000566eeff8 000000006dde291e
0x000000005730f560:   0000000056605000 0000000000000000
0x000000005730f570:   0000000000000000 0000000000000000
0x000000005730f580:   003b656c003b003b 000000006dde1a15
0x000000005730f590:   000000005730f628 000000005730f600
0x000000005730f5a0:   0000000000000001 00000000566eeff8
0x000000005730f5b0:   003b656c003b003b 000000006ddc53b3
0x000000005730f5c0:   000000005730f6f0 0000000000000001
0x000000005730f5d0:   0000000000000001 00000000566eeff8
0x000000005730f5e0:   00000000f000100a 0000000000000000
0x000000005730f5f0:   0000000000000000 0000000000000000
0x000000005730f600:   0000000000000001 000000006ddc5571 

Instructions: (pc=0x000000005add8d85)
0x000000005add8d65:   cc cc cc cc cc cc cc cc cc cc cc 48 83 ec 28 48
0x000000005add8d75:   85 c9 75 07 33 c0 48 83 c4 28 c3 48 89 5c 24 20
0x000000005add8d85:   48 8b 19 48 85 db 74 20 48 83 fb 37 74 1a 48 8b
0x000000005add8d95:   13 48 8b cb ff 52 10 84 c0 74 0d 48 8b c3 48 8b 


Register to memory mapping:

RAX=0x000000005730f501 is pointing into the stack for thread: 0x0000000056605000
RBX=0x0000000056605000 is a thread
RCX=0x003b656c003b003b is an unknown value
RDX=0x0000000000000000 is an unknown value
RSP=0x000000005730f510 is pointing into the stack for thread: 0x0000000056605000
RBP=0x003b656c003b003b is an unknown value
RSI=0x000000005730f628 is pointing into the stack for thread: 0x0000000056605000
RDI=0x0000000002698ca0 is an unknown value
R8 =0x0000000056605000 is a thread
R9 =0x000000000000ff00 is an unknown value
R10=0x0000000000000000 is an unknown value
R11=0x000009d800320032 is an unknown value
R12=0x0000000000000000 is an unknown value
R13=0x000000005660bf98 is an unknown value
R14=0x0000000000000000 is an unknown value
R15=0x0000000000000000 is an unknown value


Stack: [0x0000000057210000,0x0000000057310000],  sp=0x000000005730f510,  free space=1021k
Native frames: (J=compiled Java code, j=interpreted, Vv=VM code, C=native code)
V  [jvm.dll+0x128d85]
V  [jvm.dll+0x34ab9d]
C  [jdwp.dll+0x21a15]
C  [jdwp.dll+0x53b3]
C  [jdwp.dll+0x5571]
C  [jdwp.dll+0xf0a8]
C  [jdwp.dll+0x1f2d5]
C  [jdwp.dll+0x1f4aa]
V  [jvm.dll+0x1bba58]
V  [jvm.dll+0x243434]
V  [jvm.dll+0x29a27a]
C  [msvcr100.dll+0x21d9f]
C  [msvcr100.dll+0x21e3b]
C  [kernel32.dll+0x159bd]
C  [ntdll.dll+0x2a2e1]


---------------  P R O C E S S  ---------------

Java Threads: ( => current thread )
  0x0000000056687800 JavaThread "Service Thread" daemon [_thread_blocked, id=17420, stack(0x0000000057c00000,0x0000000057d00000)]
  0x0000000056676000 JavaThread "C1 CompilerThread2" daemon [_thread_blocked, id=19520, stack(0x0000000057a10000,0x0000000057b10000)]
  0x0000000056626800 JavaThread "C2 CompilerThread1" daemon [_thread_blocked, id=17456, stack(0x0000000057860000,0x0000000057960000)]
  0x0000000056620800 JavaThread "C2 CompilerThread0" daemon [_thread_blocked, id=16656, stack(0x0000000057730000,0x0000000057830000)]
  0x000000005661e800 JavaThread "JDWP Command Reader" daemon [_thread_in_native, id=11800, stack(0x0000000057560000,0x0000000057660000)]
  0x0000000056610000 JavaThread "JDWP Event Helper Thread" daemon [_thread_blocked, id=3456, stack(0x0000000057450000,0x0000000057550000)]
=>0x0000000056605000 JavaThread "JDWP Transport Listener: dt_socket" daemon [_thread_in_vm, id=13796, stack(0x0000000057210000,0x0000000057310000)]
  0x0000000055361800 JavaThread "Attach Listener" daemon [_thread_blocked, id=19232, stack(0x0000000056160000,0x0000000056260000)]
  0x000000005536f800 JavaThread "Signal Dispatcher" daemon [_thread_blocked, id=22524, stack(0x0000000056a30000,0x0000000056b30000)]
  0x000000005534d800 JavaThread "Finalizer" daemon [_thread_blocked, id=23160, stack(0x0000000056390000,0x0000000056490000)]
  0x0000000055304800 JavaThread "Reference Handler" daemon [_thread_blocked, id=19240, stack(0x00000000564f0000,0x00000000565f0000)]
  0x00000000024f8000 JavaThread "main" [_thread_blocked, id=13788, stack(0x00000000028a0000,0x00000000029a0000)]

Other Threads:
  0x00000000552ff800 VMThread [stack: 0x0000000056270000,0x0000000056370000] [id=19632]
  0x00000000566e4000 WatcherThread [stack: 0x00000000570d0000,0x00000000571d0000] [id=14084]

VM state:not at safepoint (normal execution)

VM Mutex/Monitor currently owned by a thread: None

Heap:
 PSYoungGen      total 18944K, used 6133K [0x00000000eb400000, 0x00000000ec900000, 0x0000000100000000)
  eden space 16384K, 21% used [0x00000000eb400000,0x00000000eb783e08,0x00000000ec400000)
  from space 2560K, 98% used [0x00000000ec680000,0x00000000ec8f9620,0x00000000ec900000)
  to   space 2560K, 0% used [0x00000000ec400000,0x00000000ec400000,0x00000000ec680000)
 ParOldGen       total 44032K, used 25139K [0x00000000c1c00000, 0x00000000c4700000, 0x00000000eb400000)
  object space 44032K, 57% used [0x00000000c1c00000,0x00000000c348cfc0,0x00000000c4700000)
 Metaspace       used 5605K, capacity 5844K, committed 6144K, reserved 1056768K
  class space    used 601K, capacity 663K, committed 768K, reserved 1048576K

Card table byte_map: [0x0000000011d60000,0x0000000011f60000] byte_map_base: 0x0000000011752000

Marking Bits: (ParMarkBitMap*) 0x000000005b4c0600
 Begin Bits: [0x0000000012850000, 0x00000000137e0000)
 End Bits:   [0x00000000137e0000, 0x0000000014770000)

Polling page: 0x0000000000220000

CodeCache: size=245760Kb used=2914Kb max_used=2926Kb free=242845Kb
 bounds [0x00000000029a0000, 0x0000000002c80000, 0x00000000119a0000]
 total_blobs=915 nmethods=611 adapters=225
 compilation: enabled

Compilation events (10 events):
Event: 42.448 Thread 0x0000000056626800 nmethod 607 0x0000000002c70410 code [0x0000000002c70540, 0x0000000002c70658]
Event: 42.450 Thread 0x0000000056626800  608       4       java.lang.ref.ReferenceQueue::remove (6 bytes)
Event: 42.451 Thread 0x0000000056620800 nmethod 605 0x0000000002c7a710 code [0x0000000002c7a8c0, 0x0000000002c7b610]
Event: 42.451 Thread 0x0000000056620800  609   !   4       java.lang.ref.ReferenceQueue::remove (125 bytes)
Event: 42.454 Thread 0x0000000056626800 nmethod 608 0x0000000002c727d0 code [0x0000000002c72960, 0x0000000002c72f90]
Event: 42.454 Thread 0x0000000056626800  610       4       java.lang.ref.Finalizer::access$100 (6 bytes)
Event: 42.456 Thread 0x0000000056620800 nmethod 609 0x0000000002c7c210 code [0x0000000002c7c3a0, 0x0000000002c7cbb0]
Event: 42.457 Thread 0x0000000056626800 nmethod 610 0x0000000002c7cf90 code [0x0000000002c7d100, 0x0000000002c7d738]
Event: 42.487 Thread 0x0000000056620800  611       4       java.util.Locale::hashCode (41 bytes)
Event: 42.487 Thread 0x0000000056620800 nmethod 611 0x0000000002c5cb90 code [0x0000000002c5ccc0, 0x0000000002c5cd38]

GC Heap History (8 events):
Event: 4.028 GC heap before
{Heap before GC invocations=1 (full 0):
 PSYoungGen      total 18944K, used 16384K [0x00000000eb400000, 0x00000000ec900000, 0x0000000100000000)
  eden space 16384K, 100% used [0x00000000eb400000,0x00000000ec400000,0x00000000ec400000)
  from space 2560K, 0% used [0x00000000ec680000,0x00000000ec680000,0x00000000ec900000)
  to   space 2560K, 0% used [0x00000000ec400000,0x00000000ec400000,0x00000000ec680000)
 ParOldGen       total 44032K, used 0K [0x00000000c1c00000, 0x00000000c4700000, 0x00000000eb400000)
  object space 44032K, 0% used [0x00000000c1c00000,0x00000000c1c00000,0x00000000c4700000)
 Metaspace       used 5316K, capacity 5478K, committed 5504K, reserved 1056768K
  class space    used 586K, capacity 628K, committed 640K, reserved 1048576K
Event: 4.032 GC heap after
Heap after GC invocations=1 (full 0):
 PSYoungGen      total 18944K, used 2556K [0x00000000eb400000, 0x00000000ec900000, 0x0000000100000000)
  eden space 16384K, 0% used [0x00000000eb400000,0x00000000eb400000,0x00000000ec400000)
  from space 2560K, 99% used [0x00000000ec400000,0x00000000ec67f208,0x00000000ec680000)
  to   space 2560K, 0% used [0x00000000ec680000,0x00000000ec680000,0x00000000ec900000)
 ParOldGen       total 44032K, used 2112K [0x00000000c1c00000, 0x00000000c4700000, 0x00000000eb400000)
  object space 44032K, 4% used [0x00000000c1c00000,0x00000000c1e10000,0x00000000c4700000)
 Metaspace       used 5316K, capacity 5478K, committed 5504K, reserved 1056768K
  class space    used 586K, capacity 628K, committed 640K, reserved 1048576K
}
Event: 5.316 GC heap before
{Heap before GC invocations=2 (full 0):
 PSYoungGen      total 18944K, used 18940K [0x00000000eb400000, 0x00000000ec900000, 0x0000000100000000)
  eden space 16384K, 100% used [0x00000000eb400000,0x00000000ec400000,0x00000000ec400000)
  from space 2560K, 99% used [0x00000000ec400000,0x00000000ec67f208,0x00000000ec680000)
  to   space 2560K, 0% used [0x00000000ec680000,0x00000000ec680000,0x00000000ec900000)
 ParOldGen       total 44032K, used 2112K [0x00000000c1c00000, 0x00000000c4700000, 0x00000000eb400000)
  object space 44032K, 4% used [0x00000000c1c00000,0x00000000c1e10000,0x00000000c4700000)
 Metaspace       used 5459K, capacity 5648K, committed 5888K, reserved 1056768K
  class space    used 596K, capacity 663K, committed 768K, reserved 1048576K
Event: 5.318 GC heap after
Heap after GC invocations=2 (full 0):
 PSYoungGen      total 18944K, used 1365K [0x00000000eb400000, 0x00000000ec900000, 0x0000000100000000)
  eden space 16384K, 0% used [0x00000000eb400000,0x00000000eb400000,0x00000000ec400000)
  from space 2560K, 53% used [0x00000000ec680000,0x00000000ec7d5630,0x00000000ec900000)
  to   space 2560K, 0% used [0x00000000ec400000,0x00000000ec400000,0x00000000ec680000)
 ParOldGen       total 44032K, used 2120K [0x00000000c1c00000, 0x00000000c4700000, 0x00000000eb400000)
  object space 44032K, 4% used [0x00000000c1c00000,0x00000000c1e12000,0x00000000c4700000)
 Metaspace       used 5459K, capacity 5648K, committed 5888K, reserved 1056768K
  class space    used 596K, capacity 663K, committed 768K, reserved 1048576K
}
Event: 20.369 GC heap before
{Heap before GC invocations=3 (full 0):
 PSYoungGen      total 18944K, used 17749K [0x00000000eb400000, 0x00000000ec900000, 0x0000000100000000)
  eden space 16384K, 100% used [0x00000000eb400000,0x00000000ec400000,0x00000000ec400000)
  from space 2560K, 53% used [0x00000000ec680000,0x00000000ec7d5630,0x00000000ec900000)
  to   space 2560K, 0% used [0x00000000ec400000,0x00000000ec400000,0x00000000ec680000)
 ParOldGen       total 44032K, used 2120K [0x00000000c1c00000, 0x00000000c4700000, 0x00000000eb400000)
  object space 44032K, 4% used [0x00000000c1c00000,0x00000000c1e12000,0x00000000c4700000)
 Metaspace       used 5565K, capacity 5716K, committed 5888K, reserved 1056768K
  class space    used 600K, capacity 663K, committed 768K, reserved 1048576K
Event: 20.384 GC heap after
Heap after GC invocations=3 (full 0):
 PSYoungGen      total 18944K, used 2549K [0x00000000eb400000, 0x00000000ec900000, 0x0000000100000000)
  eden space 16384K, 0% used [0x00000000eb400000,0x00000000eb400000,0x00000000ec400000)
  from space 2560K, 99% used [0x00000000ec400000,0x00000000ec67d610,0x00000000ec680000)
  to   space 2560K, 0% used [0x00000000ec680000,0x00000000ec680000,0x00000000ec900000)
 ParOldGen       total 44032K, used 11890K [0x00000000c1c00000, 0x00000000c4700000, 0x00000000eb400000)
  object space 44032K, 27% used [0x00000000c1c00000,0x00000000c279ca90,0x00000000c4700000)
 Metaspace       used 5565K, capacity 5716K, committed 5888K, reserved 1056768K
  class space    used 600K, capacity 663K, committed 768K, reserved 1048576K
}
Event: 42.404 GC heap before
{Heap before GC invocations=4 (full 0):
 PSYoungGen      total 18944K, used 18933K [0x00000000eb400000, 0x00000000ec900000, 0x0000000100000000)
  eden space 16384K, 100% used [0x00000000eb400000,0x00000000ec400000,0x00000000ec400000)
  from space 2560K, 99% used [0x00000000ec400000,0x00000000ec67d610,0x00000000ec680000)
  to   space 2560K, 0% used [0x00000000ec680000,0x00000000ec680000,0x00000000ec900000)
 ParOldGen       total 44032K, used 11890K [0x00000000c1c00000, 0x00000000c4700000, 0x00000000eb400000)
  object space 44032K, 27% used [0x00000000c1c00000,0x00000000c279ca90,0x00000000c4700000)
 Metaspace       used 5578K, capacity 5780K, committed 5888K, reserved 1056768K
  class space    used 600K, capacity 663K, committed 768K, reserved 1048576K
Event: 42.419 GC heap after
Heap after GC invocations=4 (full 0):
 PSYoungGen      total 18944K, used 2533K [0x00000000eb400000, 0x00000000ec900000, 0x0000000100000000)
  eden space 16384K, 0% used [0x00000000eb400000,0x00000000eb400000,0x00000000ec400000)
  from space 2560K, 98% used [0x00000000ec680000,0x00000000ec8f9620,0x00000000ec900000)
  to   space 2560K, 0% used [0x00000000ec400000,0x00000000ec400000,0x00000000ec680000)
 ParOldGen       total 44032K, used 25139K [0x00000000c1c00000, 0x00000000c4700000, 0x00000000eb400000)
  object space 44032K, 57% used [0x00000000c1c00000,0x00000000c348cfc0,0x00000000c4700000)
 Metaspace       used 5578K, capacity 5780K, committed 5888K, reserved 1056768K
  class space    used 600K, capacity 663K, committed 768K, reserved 1048576K
}

Deoptimization events (1 events):
Event: 3.952 Thread 0x00000000024f8000 Uncommon trap: reason=unstable_if action=reinterpret pc=0x0000000002af698c method=java.util.ArrayList.ensureCapacityInternal(I)V @ 7

Internal exceptions (8 events):
Event: 0.146 Thread 0x00000000024f8000 Exception <a 'java/lang/NoSuchMethodError': Method sun.misc.Unsafe.defineClass(Ljava/lang/String;[BII)Ljava/lang/Class; name or signature does not match> (0x00000000eb407cc0) thrown at [C:\re\workspace\8-2-build-windows-amd64-cygwin\jdk8u74\6087\hotspot\srùZã®Â?
Event: 0.146 Thread 0x00000000024f8000 Exception <a 'java/lang/NoSuchMethodError': Method sun.misc.Unsafe.prefetchRead(Ljava/lang/Object;J)V name or signature does not match> (0x00000000eb407fa8) thrown at [C:\re\workspace\8-2-build-windows-amd64-cygwin\jdk8u74\6087\hotspot\src\share\vm\prims\j,&Tð¡é?
Event: 0.801 Thread 0x00000000024f8000 Exception <a 'java/security/PrivilegedActionException'> (0x00000000eb588db8) thrown at [C:\re\workspace\8-2-build-windows-amd64-cygwin\jdk8u74\6087\hotspot\src\share\vm\prims\jvm.cpp, line 1386]
Event: 0.801 Thread 0x00000000024f8000 Exception <a 'java/security/PrivilegedActionException'> (0x00000000eb5891b0) thrown at [C:\re\workspace\8-2-build-windows-amd64-cygwin\jdk8u74\6087\hotspot\src\share\vm\prims\jvm.cpp, line 1386]
Event: 0.802 Thread 0x00000000024f8000 Exception <a 'java/security/PrivilegedActionException'> (0x00000000eb58b9e8) thrown at [C:\re\workspace\8-2-build-windows-amd64-cygwin\jdk8u74\6087\hotspot\src\share\vm\prims\jvm.cpp, line 1386]
Event: 0.802 Thread 0x00000000024f8000 Exception <a 'java/security/PrivilegedActionException'> (0x00000000eb58bde0) thrown at [C:\re\workspace\8-2-build-windows-amd64-cygwin\jdk8u74\6087\hotspot\src\share\vm\prims\jvm.cpp, line 1386]
Event: 3.986 Thread 0x00000000024f8000 Exception <a 'java/lang/NoSuchFieldError': method resolution failed> (0x00000000eb94e3b8) thrown at [C:\re\workspace\8-2-build-windows-amd64-cygwin\jdk8u74\6087\hotspot\src\share\vm\prims\methodHandles.cpp, line 1146]
Event: 3.989 Thread 0x00000000024f8000 Exception <a 'java/lang/NoSuchFieldError': method resolution failed> (0x00000000eb95b758) thrown at [C:\re\workspace\8-2-build-windows-amd64-cygwin\jdk8u74\6087\hotspot\src\share\vm\prims\methodHandles.cpp, line 1146]

Events (10 events):
Event: 134.319 Executing VM operation: GetCurrentLocation
Event: 134.319 Executing VM operation: GetCurrentLocation done
Event: 134.319 Executing VM operation: EnterInterpOnlyMode
Event: 134.319 Executing VM operation: EnterInterpOnlyMode done
Event: 134.319 Executing VM operation: ChangeSingleStep
Event: 134.319 Executing VM operation: ChangeSingleStep done
Event: 134.319 Executing VM operation: ChangeSingleStep
Event: 134.319 Executing VM operation: ChangeSingleStep done
Event: 134.336 Executing VM operation: RedefineClasses
Event: 134.346 Executing VM operation: RedefineClasses done


Dynamic libraries:
0x000000013f600000 - 0x000000013f637000 	C:\pleiades\java\8\bin\javaw.exe
0x00000000774f0000 - 0x000000007769a000 	C:\windows\SYSTEM32\ntdll.dll
0x00000000773d0000 - 0x00000000774ef000 	C:\windows\system32\kernel32.dll
0x000007fefd570000 - 0x000007fefd5da000 	C:\windows\system32\KERNELBASE.dll
0x000007fefecd0000 - 0x000007fefedab000 	C:\windows\system32\ADVAPI32.dll
0x000007fefd950000 - 0x000007fefd9ef000 	C:\windows\system32\msvcrt.dll
0x000007fefeaa0000 - 0x000007fefeabf000 	C:\windows\SYSTEM32\sechost.dll
0x000007fefdaa0000 - 0x000007fefdbcd000 	C:\windows\system32\RPCRT4.dll
0x00000000772d0000 - 0x00000000773ca000 	C:\windows\system32\USER32.dll
0x000007feff2f0000 - 0x000007feff357000 	C:\windows\system32\GDI32.dll
0x000007fefda90000 - 0x000007fefda9e000 	C:\windows\system32\LPK.dll
0x000007fefe9d0000 - 0x000007fefea99000 	C:\windows\system32\USP10.dll
0x000007fefbc60000 - 0x000007fefbe54000 	C:\windows\WinSxS\amd64_microsoft.windows.common-controls_6595b64144ccf1df_6.0.7601.18837_none_fa3b1e3d17594757\COMCTL32.dll
0x000007fefeac0000 - 0x000007fefeb31000 	C:\windows\system32\SHLWAPI.dll
0x000007fefedd0000 - 0x000007fefedfe000 	C:\windows\system32\IMM32.DLL
0x000007fefd840000 - 0x000007fefd949000 	C:\windows\system32\MSCTF.dll
0x000000006c490000 - 0x000000006c562000 	C:\pleiades\java\8\jre\bin\msvcr100.dll
0x000000005acb0000 - 0x000000005b540000 	C:\pleiades\java\8\jre\bin\server\jvm.dll
0x000007fefb870000 - 0x000007fefb879000 	C:\windows\system32\WSOCK32.dll
0x000007feff360000 - 0x000007feff3ad000 	C:\windows\system32\WS2_32.dll
0x000007fefdbd0000 - 0x000007fefdbd8000 	C:\windows\system32\NSI.dll
0x000007fefb070000 - 0x000007fefb0ab000 	C:\windows\system32\WINMM.dll
0x000007fefc350000 - 0x000007fefc35c000 	C:\windows\system32\VERSION.dll
0x00000000776b0000 - 0x00000000776b7000 	C:\windows\system32\PSAPI.DLL
0x000000006fcc0000 - 0x000000006fccf000 	C:\pleiades\java\8\jre\bin\verify.dll
0x000000006de00000 - 0x000000006de29000 	C:\pleiades\java\8\jre\bin\java.dll
0x000000006ddc0000 - 0x000000006ddf5000 	C:\pleiades\java\8\jre\bin\jdwp.dll
0x0000000073490000 - 0x0000000073498000 	C:\pleiades\java\8\jre\bin\npt.dll
0x000000006dce0000 - 0x000000006dcf6000 	C:\pleiades\java\8\jre\bin\zip.dll
0x000007fefdbe0000 - 0x000007fefe969000 	C:\windows\system32\SHELL32.dll
0x000007fefd630000 - 0x000007fefd833000 	C:\windows\system32\ole32.dll
0x000007fefd270000 - 0x000007fefd27f000 	C:\windows\system32\profapi.dll
0x000000006f060000 - 0x000000006f069000 	C:\pleiades\java\8\jre\bin\dt_socket.dll
0x000007fefb1a0000 - 0x000007fefb1b5000 	C:\windows\system32\NLAapi.dll
0x000007fefa250000 - 0x000007fefa265000 	C:\windows\system32\napinsp.dll
0x000007fefa270000 - 0x000007fefa289000 	C:\windows\system32\pnrpnsp.dll
0x000007fefca50000 - 0x000007fefcaa5000 	C:\windows\System32\mswsock.dll
0x000007fefc8d0000 - 0x000007fefc92b000 	C:\windows\system32\DNSAPI.dll
0x000007fefa240000 - 0x000007fefa24b000 	C:\windows\System32\winrnr.dll
0x000007fefa4c0000 - 0x000007fefa4e7000 	C:\windows\system32\IPHLPAPI.DLL
0x000007fefa550000 - 0x000007fefa55b000 	C:\windows\system32\WINNSI.DLL
0x000007fefa4f0000 - 0x000007fefa543000 	C:\windows\System32\fwpuclnt.dll
0x000007fef9a70000 - 0x000007fef9a78000 	C:\windows\system32\rasadhlp.dll
0x000007fefc420000 - 0x000007fefc427000 	C:\windows\System32\wshtcpip.dll
0x000000006dcc0000 - 0x000000006dcda000 	C:\pleiades\java\8\jre\bin\net.dll
0x000007fefca40000 - 0x000007fefca47000 	C:\windows\System32\wship6.dll
0x000000006dca0000 - 0x000000006dcb1000 	C:\pleiades\java\8\jre\bin\nio.dll
0x000007fefd0b0000 - 0x000007fefd107000 	C:\windows\system32\apphelp.dll
0x000007fef70e0000 - 0x000007fef7205000 	C:\windows\system32\dbghelp.dll

VM Arguments:
jvm_args: -agentlib:jdwp=transport=dt_socket,suspend=y,address=localhost:55451 -Dfile.encoding=UTF-8 
java_command: sourceDownload.SourceDownload
java_class_path (initial): C:\pleiades\workspace\sourceDownload\bin
Launcher Type: SUN_STANDARD

Environment Variables:
JAVA_HOME=C:\Program Files\Java\jdk1.8.0_101
PATH=C:\pleiades\java\8\jre\bin;C:/pleiades/eclipse/jre/bin/../jre/bin/server;C:/pleiades/eclipse/jre/bin/../jre/bin;C:/pleiades/eclipse/jre/bin/../jre/lib/amd64;C:\ProgramData\Oracle\Java\javapath;C:\Program Files (x86)\Intel\iCLS Client\;C:\Program Files\Intel\iCLS Client\;C:\windows\system32;C:\windows;C:\windows\System32\Wbem;C:\windows\System32\WindowsPowerShell\v1.0\;C:\Program Files (x86)\Intel\Intel(R) Management Engine Components\DAL;C:\Program Files\Intel\Intel(R) Management Engine Components\DAL;C:\Program Files (x86)\Intel\Intel(R) Management Engine Components\IPT;C:\Program Files\Intel\Intel(R) Management Engine Components\IPT;C:\Program Files\TortoiseSVN\bin;C:\Tools\wget\bin;C:\Program Files\Java\jdk1.8.0_101\bin;C:\Program Files\Git\cmd;C:\pleiades\eclipse;
USERNAME=kurosawa.yu
OS=Windows_NT
PROCESSOR_IDENTIFIER=Intel64 Family 6 Model 94 Stepping 3, GenuineIntel



---------------  S Y S T E M  ---------------

OS: Windows 7 , 64 bit Build 7601 (6.1.7601.23418)

CPU:total 4 (4 cores per cpu, 1 threads per core) family 6 model 94 stepping 3, cmov, cx8, fxsr, mmx, sse, sse2, sse3, ssse3, sse4.1, sse4.2, popcnt, avx, avx2, aes, clmul, erms, rtm, 3dnowpref, lzcnt, tsc, tscinvbit, bmi1, bmi2, adx

Memory: 4k page, physical 4071860k(1909760k free), swap 8141860k(4750408k free)

vm_info: Java HotSpot(TM) 64-Bit Server VM (25.74-b02) for windows-amd64 JRE (1.8.0_74-b02), built on Jan 29 2016 17:42:36 by "java_re" with MS VC++ 10.0 (VS2010)

time: Mon Sep 26 17:34:56 2016
elapsed time: 134 seconds (0d 0h 2m 14s)

